<?xml version="1.0" encoding="UTF-8"?>
<!-- Generated by org.testng.reporters.JUnitReportReporter -->
<testsuite hostname="LTIN464257" failures="0" tests="1" name="jsonPath.Jsonpath_Examples" time="4.563" errors="0" timestamp="2024-03-20T19:07:58 IST" skipped="0">
  <testcase classname="jsonPath.Jsonpath_Examples" name="jsonPath5" time="4.563"/>
  <system-out/>
</testsuite> <!-- jsonPath.Jsonpath_Examples -->
