<?xml version="1.0" encoding="UTF-8"?>
<!-- Generated by org.testng.reporters.JUnitReportReporter -->
<testsuite hostname="LTIN464257" failures="0" tests="1" name="restassuredprograms.TestCookies" time="1.192" errors="0" timestamp="2024-03-19T18:43:17 IST" skipped="0">
  <testcase classname="restassuredprograms.TestCookies" name="getHeadersInfo" time="1.192"/>
  <system-out/>
</testsuite> <!-- restassuredprograms.TestCookies -->
