<?xml version="1.0" encoding="UTF-8"?>
<!-- Generated by org.testng.reporters.JUnitReportReporter -->
<testsuite hostname="LTIN464257" failures="0" tests="1" name="paypalPractices.BaseTest" time="3.084" errors="0" timestamp="2024-03-08T14:59:15 IST" skipped="0">
  <testcase classname="paypalPractices.BaseTest" name="createAPayment" time="3.084"/>
  <system-out/>
</testsuite> <!-- paypalPractices.BaseTest -->
