<?xml version="1.0" encoding="UTF-8"?>
<!-- Generated by org.testng.reporters.JUnitReportReporter -->
<testsuite hostname="LTIN464257" failures="0" tests="1" name="responsetime.ResponseTime" time="3.749" errors="0" timestamp="2024-03-22T19:57:37 IST" skipped="0">
  <testcase classname="responsetime.ResponseTime" name="getTime" time="3.749"/>
  <system-out/>
</testsuite> <!-- responsetime.ResponseTime -->
