<?xml version="1.0" encoding="UTF-8"?>
<!-- Generated by org.testng.reporters.JUnitReportReporter -->
<testsuite hostname="LTIN464257" failures="0" tests="1" name="restassuredprograms.TypesOfPOSTINGReqBody" time="1.508" errors="0" timestamp="2024-03-18T21:16:57 IST" skipped="0">
  <testcase classname="restassuredprograms.TypesOfPOSTINGReqBody" name="testPostUsingJsonLib" time="1.508"/>
  <system-out/>
</testsuite> <!-- restassuredprograms.TypesOfPOSTINGReqBody -->
