<?xml version="1.0" encoding="UTF-8"?>
<!-- Generated by org.testng.reporters.JUnitReportReporter -->
<testsuite hostname="LTIN464257" failures="0" tests="1" name="authentication.FormAuthentication" time="10.800" errors="0" timestamp="2024-03-27T23:20:55 IST" skipped="0">
  <testcase classname="authentication.FormAuthentication" name="getAllStudents" time="10.800"/>
  <system-out/>
</testsuite> <!-- authentication.FormAuthentication -->
