<?xml version="1.0" encoding="UTF-8"?>
<!-- Generated by org.testng.reporters.JUnitReportReporter -->
<testsuite hostname="LTIN464257" failures="0" tests="1" name="jsonSchemaValidator.Schema_Validation" time="3.877" errors="0" timestamp="2024-03-22T07:57:41 IST" skipped="0">
  <testcase classname="jsonSchemaValidator.Schema_Validation" name="schemaValidation" time="3.877"/>
  <system-out/>
</testsuite> <!-- jsonSchemaValidator.Schema_Validation -->
