<?xml version="1.0" encoding="UTF-8"?>
<!-- Generated by org.testng.reporters.JUnitReportReporter -->
<testsuite hostname="LTIN464257" failures="0" tests="1" name="authentication.Bearer_Token" time="5.132" errors="0" timestamp="2024-03-27T14:35:37 IST" skipped="0">
  <testcase classname="authentication.Bearer_Token" name="bearerToken" time="5.132"/>
  <system-out/>
</testsuite> <!-- authentication.Bearer_Token -->
