<?xml version="1.0" encoding="UTF-8"?>
<!-- Generated by org.testng.reporters.JUnitReportReporter -->
<testsuite hostname="LTIN464257" failures="0" tests="1" name="studentsApp.Simple_programs" time="1.915" errors="0" timestamp="2024-03-19T17:17:08 IST" skipped="0">
  <testcase classname="studentsApp.Simple_programs" name="getSingleCSStudent" time="1.915"/>
  <system-out/>
</testsuite> <!-- studentsApp.Simple_programs -->
