<?xml version="1.0" encoding="UTF-8"?>
<!-- Generated by org.testng.reporters.JUnitReportReporter -->
<testsuite hostname="LTIN464257" failures="0" tests="1" name="assertions.Hamcrest_Assertions" time="9.843" errors="0" timestamp="2024-06-26T17:14:10 IST" skipped="0">
  <testcase classname="assertions.Hamcrest_Assertions" name="validateUsingHamcrest3" time="9.843"/>
  <system-out/>
</testsuite> <!-- assertions.Hamcrest_Assertions -->
