<?xml version="1.0" encoding="UTF-8"?>
<!-- Generated by org.testng.reporters.JUnitReportReporter -->
<testsuite hostname="LTIN464257" failures="0" tests="1" name="twitterProgram.TwitterTest" time="2.005" errors="0" timestamp="2024-03-28T10:29:47 IST" skipped="0">
  <testcase classname="twitterProgram.TwitterTest" name="getTweets" time="2.005"/>
  <system-out/>
</testsuite> <!-- twitterProgram.TwitterTest -->
