<?xml version="1.0" encoding="UTF-8"?>
<!-- Generated by org.testng.reporters.JUnitReportReporter -->
<testsuite hostname="LTIN464257" failures="0" tests="1" name="fileDownloadsAndUploads.File_Upload" time="5.868" errors="0" timestamp="2024-03-25T20:25:33 IST" skipped="0">
  <testcase classname="fileDownloadsAndUploads.File_Upload" name="testUpload2" time="5.868"/>
  <system-out/>
</testsuite> <!-- fileDownloadsAndUploads.File_Upload -->
