<?xml version="1.0" encoding="UTF-8"?>
<!-- Generated by org.testng.reporters.JUnitReportReporter -->
<testsuite hostname="LTIN464257" failures="0" tests="1" name="authentication.CSRFTokenAuth" time="4.091" errors="0" timestamp="2024-03-11T23:04:30 IST" skipped="0">
  <testcase classname="authentication.CSRFTokenAuth" name="getStudentsList" time="4.091"/>
  <system-out/>
</testsuite> <!-- authentication.CSRFTokenAuth -->
