<?xml version="1.0" encoding="UTF-8"?>
<!-- Generated by org.testng.reporters.JUnitReportReporter -->
<testsuite hostname="LTIN464257" failures="0" tests="1" name="formauthentication.Form_Authentication" time="3.445" errors="0" timestamp="2024-03-11T18:27:40 IST" skipped="0">
  <testcase classname="formauthentication.Form_Authentication" name="formLoginDigest" time="3.445"/>
  <system-out/>
</testsuite> <!-- formauthentication.Form_Authentication -->
