<?xml version="1.0" encoding="UTF-8"?>
<!-- Generated by org.testng.reporters.JUnitReportReporter -->
<testsuite hostname="LTIN464257" failures="0" tests="1" name="fileDownloadsAndUploads.File_Download" time="1.125" errors="0" timestamp="2024-03-14T12:00:20 IST" skipped="0">
  <testcase classname="fileDownloadsAndUploads.File_Download" name="fileDownloadAndValidate" time="1.125"/>
  <system-out/>
</testsuite> <!-- fileDownloadsAndUploads.File_Download -->
