<?xml version="1.0" encoding="UTF-8"?>
<!-- Generated by org.testng.reporters.JUnitReportReporter -->
<testsuite hostname="LTIN464257" failures="0" tests="1" name="assertions.JsonAssertExamples" time="1.042" errors="0" timestamp="2024-03-21T17:33:35 IST" skipped="0">
  <testcase classname="assertions.JsonAssertExamples" name="testJsonAssert" time="1.042"/>
  <system-out/>
</testsuite> <!-- assertions.JsonAssertExamples -->
