<?xml version="1.0" encoding="UTF-8"?>
<!-- Generated by org.testng.reporters.JUnitReportReporter -->
<testsuite hostname="LTIN464257" failures="0" tests="1" name="soapService.Soap_Test" time="5.236" errors="0" timestamp="2024-07-29T23:42:20 IST" skipped="0">
  <testcase classname="soapService.Soap_Test" name="soapPostUsingFileObj" time="5.236"/>
  <system-out/>
</testsuite> <!-- soapService.Soap_Test -->
