<?xml version="1.0" encoding="UTF-8"?>
<!-- Generated by org.testng.reporters.JUnitReportReporter -->
<testsuite hostname="LTIN464257" failures="0" tests="1" name="authentication.TwitterTest" time="5.346" errors="0" timestamp="2024-03-27T23:18:58 IST" skipped="0">
  <testcase classname="authentication.TwitterTest" name="createTweet" time="5.346"/>
  <system-out/>
</testsuite> <!-- authentication.TwitterTest -->
