<?xml version="1.0" encoding="UTF-8"?>
<!-- Generated by org.testng.reporters.JUnitReportReporter -->
<testsuite hostname="LTIN464257" failures="0" tests="1" name="restassuredprograms.ParsingResponse" time="12.843" errors="1" timestamp="2024-03-13T19:28:23 IST" skipped="0">
  <testcase classname="restassuredprograms.ParsingResponse" name="testParsing" time="12.843">
    <error type="java.lang.StackOverflowError">
      <![CDATA[java.lang.StackOverflowError
at java.base/java.lang.Class.getMethodsRecursive(Class.java:3543)
at java.base/java.lang.Class.getMethod0(Class.java:3529)
at java.base/java.lang.Class.getMethod(Class.java:2225)
at org.json.JSONObject.getAnnotationDepth(JSONObject.java:1897)
at org.json.JSONObject.getKeyNameFromMethod(JSONObject.java:1763)
at org.json.JSONObject.populateMap(JSONObject.java:1720)
at org.json.JSONObject.populateMap(JSONObject.java:1701)
at org.json.JSONObject.<init>(JSONObject.java:355)
at org.json.JSONObject.wrap(JSONObject.java:2701)
at org.json.JSONObject.wrap(JSONObject.java:2660)
at org.json.JSONArray.addAll(JSONArray.java:1840)
at org.json.JSONArray.<init>(JSONArray.java:208)
at org.json.JSONObject.wrap(JSONObject.java:2684)
at org.json.JSONObject.populateMap(JSONObject.java:1735)
at org.json.JSONObject.populateMap(JSONObject.java:1701)
at org.json.JSONObject.<init>(JSONObject.java:355)
at org.json.JSONObject.wrap(JSONObject.java:2701)
at org.json.JSONObject.wrap(JSONObject.java:2660)
at org.json.JSONArray.addAll(JSONArray.java:1840)
at org.json.JSONArray.<init>(JSONArray.java:208)
at org.json.JSONObject.wrap(JSONObject.java:2684)
at org.json.JSONObject.populateMap(JSONObject.java:1735)
at org.json.JSONObject.populateMap(JSONObject.java:1701)
at org.json.JSONObject.<init>(JSONObject.java:355)
at org.json.JSONObject.wrap(JSONObject.java:2701)
at org.json.JSONObject.wrap(JSONObject.java:2660)
at org.json.JSONArray.addAll(JSONArray.java:1840)
at org.json.JSONArray.<init>(JSONArray.java:208)
at org.json.JSONObject.wrap(JSONObject.java:2684)
at org.json.JSONObject.populateMap(JSONObject.java:1735)
at org.json.JSONObject.populateMap(JSONObject.java:1701)
at org.json.JSONObject.<init>(JSONObject.java:355)
at org.json.JSONObject.wrap(JSONObject.java:2701)
at org.json.JSONObject.wrap(JSONObject.java:2660)
at org.json.JSONArray.addAll(JSONArray.java:1840)
at org.json.JSONArray.<init>(JSONArray.java:208)
at org.json.JSONObject.wrap(JSONObject.java:2684)
at org.json.JSONObject.populateMap(JSONObject.java:1735)
at org.json.JSONObject.populateMap(JSONObject.java:1701)
at org.json.JSONObject.<init>(JSONObject.java:355)
at org.json.JSONObject.wrap(JSONObject.java:2701)
at org.json.JSONObject.wrap(JSONObject.java:2660)
at org.json.JSONArray.addAll(JSONArray.java:1840)
at org.json.JSONArray.<init>(JSONArray.java:208)
at org.json.JSONObject.wrap(JSONObject.java:2684)
at org.json.JSONObject.populateMap(JSONObject.java:1735)
at org.json.JSONObject.populateMap(JSONObject.java:1701)
at org.json.JSONObject.<init>(JSONObject.java:355)
at org.json.JSONObject.wrap(JSONObject.java:2701)
at org.json.JSONObject.wrap(JSONObject.java:2660)
at org.json.JSONArray.addAll(JSONArray.java:1840)
at org.json.JSONArray.<init>(JSONArray.java:208)
at org.json.JSONObject.wrap(JSONObject.java:2684)
at org.json.JSONObject.populateMap(JSONObject.java:1735)
at org.json.JSONObject.populateMap(JSONObject.java:1701)
at org.json.JSONObject.<init>(JSONObject.java:355)
at org.json.JSONObject.wrap(JSONObject.java:2701)
at org.json.JSONObject.wrap(JSONObject.java:2660)
at org.json.JSONArray.addAll(JSONArray.java:1840)
at org.json.JSONArray.<init>(JSONArray.java:208)
at org.json.JSONObject.wrap(JSONObject.java:2684)
at org.json.JSONObject.populateMap(JSONObject.java:1735)
at org.json.JSONObject.populateMap(JSONObject.java:1701)
at org.json.JSONObject.<init>(JSONObject.java:355)
at org.json.JSONObject.wrap(JSONObject.java:2701)
at org.json.JSONObject.wrap(JSONObject.java:2660)
at org.json.JSONArray.addAll(JSONArray.java:1840)
at org.json.JSONArray.<init>(JSONArray.java:208)
at org.json.JSONObject.wrap(JSONObject.java:2684)
at org.json.JSONObject.populateMap(JSONObject.java:1735)
at org.json.JSONObject.populateMap(JSONObject.java:1701)
at org.json.JSONObject.<init>(JSONObject.java:355)
at org.json.JSONObject.wrap(JSONObject.java:2701)
at org.json.JSONObject.wrap(JSONObject.java:2660)
at org.json.JSONArray.addAll(JSONArray.java:1840)
at org.json.JSONArray.<init>(JSONArray.java:208)
at org.json.JSONObject.wrap(JSONObject.java:2684)
at org.json.JSONObject.populateMap(JSONObject.java:1735)
at org.json.JSONObject.populateMap(JSONObject.java:1701)
at org.json.JSONObject.<init>(JSONObject.java:355)
at org.json.JSONObject.wrap(JSONObject.java:2701)
at org.json.JSONObject.wrap(JSONObject.java:2660)
at org.json.JSONArray.addAll(JSONArray.java:1840)
at org.json.JSONArray.<init>(JSONArray.java:208)
at org.json.JSONObject.wrap(JSONObject.java:2684)
at org.json.JSONObject.populateMap(JSONObject.java:1735)
at org.json.JSONObject.populateMap(JSONObject.java:1701)
at org.json.JSONObject.<init>(JSONObject.java:355)
at org.json.JSONObject.wrap(JSONObject.java:2701)
at org.json.JSONObject.wrap(JSONObject.java:2660)
at org.json.JSONArray.addAll(JSONArray.java:1840)
at org.json.JSONArray.<init>(JSONArray.java:208)
at org.json.JSONObject.wrap(JSONObject.java:2684)
at org.json.JSONObject.populateMap(JSONObject.java:1735)
at org.json.JSONObject.populateMap(JSONObject.java:1701)
at org.json.JSONObject.<init>(JSONObject.java:355)
at org.json.JSONObject.wrap(JSONObject.java:2701)
at org.json.JSONObject.wrap(JSONObject.java:2660)
at org.json.JSONArray.addAll(JSONArray.java:1840)
at org.json.JSONArray.<init>(JSONArray.java:208)
at org.json.JSONObject.wrap(JSONObject.java:2684)
at org.json.JSONObject.populateMap(JSONObject.java:1735)
at org.json.JSONObject.populateMap(JSONObject.java:1701)
at org.json.JSONObject.<init>(JSONObject.java:355)
at org.json.JSONObject.wrap(JSONObject.java:2701)
at org.json.JSONObject.wrap(JSONObject.java:2660)
at org.json.JSONArray.addAll(JSONArray.java:1840)
at org.json.JSONArray.<init>(JSONArray.java:208)
at org.json.JSONObject.wrap(JSONObject.java:2684)
at org.json.JSONObject.populateMap(JSONObject.java:1735)
at org.json.JSONObject.populateMap(JSONObject.java:1701)
at org.json.JSONObject.<init>(JSONObject.java:355)
at org.json.JSONObject.wrap(JSONObject.java:2701)
at org.json.JSONObject.wrap(JSONObject.java:2660)
at org.json.JSONArray.addAll(JSONArray.java:1840)
at org.json.JSONArray.<init>(JSONArray.java:208)
at org.json.JSONObject.wrap(JSONObject.java:2684)
at org.json.JSONObject.populateMap(JSONObject.java:1735)
at org.json.JSONObject.populateMap(JSONObject.java:1701)
at org.json.JSONObject.<init>(JSONObject.java:355)
at org.json.JSONObject.wrap(JSONObject.java:2701)
at org.json.JSONObject.wrap(JSONObject.java:2660)
at org.json.JSONArray.addAll(JSONArray.java:1840)
at org.json.JSONArray.<init>(JSONArray.java:208)
at org.json.JSONObject.wrap(JSONObject.java:2684)
at org.json.JSONObject.populateMap(JSONObject.java:1735)
at org.json.JSONObject.populateMap(JSONObject.java:1701)
at org.json.JSONObject.<init>(JSONObject.java:355)
at org.json.JSONObject.wrap(JSONObject.java:2701)
at org.json.JSONObject.wrap(JSONObject.java:2660)
at org.json.JSONArray.addAll(JSONArray.java:1840)
at org.json.JSONArray.<init>(JSONArray.java:208)
at org.json.JSONObject.wrap(JSONObject.java:2684)
at org.json.JSONObject.populateMap(JSONObject.java:1735)
at org.json.JSONObject.populateMap(JSONObject.java:1701)
at org.json.JSONObject.<init>(JSONObject.java:355)
at org.json.JSONObject.wrap(JSONObject.java:2701)
at org.json.JSONObject.wrap(JSONObject.java:2660)
at org.json.JSONArray.addAll(JSONArray.java:1840)
at org.json.JSONArray.<init>(JSONArray.java:208)
at org.json.JSONObject.wrap(JSONObject.java:2684)
at org.json.JSONObject.populateMap(JSONObject.java:1735)
at org.json.JSONObject.populateMap(JSONObject.java:1701)
at org.json.JSONObject.<init>(JSONObject.java:355)
at org.json.JSONObject.wrap(JSONObject.java:2701)
at org.json.JSONObject.wrap(JSONObject.java:2660)
at org.json.JSONArray.addAll(JSONArray.java:1840)
at org.json.JSONArray.<init>(JSONArray.java:208)
at org.json.JSONObject.wrap(JSONObject.java:2684)
at org.json.JSONObject.populateMap(JSONObject.java:1735)
at org.json.JSONObject.populateMap(JSONObject.java:1701)
at org.json.JSONObject.<init>(JSONObject.java:355)
at org.json.JSONObject.wrap(JSONObject.java:2701)
at org.json.JSONObject.wrap(JSONObject.java:2660)
at org.json.JSONArray.addAll(JSONArray.java:1840)
at org.json.JSONArray.<init>(JSONArray.java:208)
at org.json.JSONObject.wrap(JSONObject.java:2684)
at org.json.JSONObject.populateMap(JSONObject.java:1735)
at org.json.JSONObject.populateMap(JSONObject.java:1701)
at org.json.JSONObject.<init>(JSONObject.java:355)
at org.json.JSONObject.wrap(JSONObject.java:2701)
at org.json.JSONObject.wrap(JSONObject.java:2660)
at org.json.JSONArray.addAll(JSONArray.java:1840)
at org.json.JSONArray.<init>(JSONArray.java:208)
at org.json.JSONObject.wrap(JSONObject.java:2684)
at org.json.JSONObject.populateMap(JSONObject.java:1735)
at org.json.JSONObject.populateMap(JSONObject.java:1701)
at org.json.JSONObject.<init>(JSONObject.java:355)
at org.json.JSONObject.wrap(JSONObject.java:2701)
at org.json.JSONObject.wrap(JSONObject.java:2660)
at org.json.JSONArray.addAll(JSONArray.java:1840)
at org.json.JSONArray.<init>(JSONArray.java:208)
at org.json.JSONObject.wrap(JSONObject.java:2684)
at org.json.JSONObject.populateMap(JSONObject.java:1735)
at org.json.JSONObject.populateMap(JSONObject.java:1701)
at org.json.JSONObject.<init>(JSONObject.java:355)
at org.json.JSONObject.wrap(JSONObject.java:2701)
at org.json.JSONObject.wrap(JSONObject.java:2660)
at org.json.JSONArray.addAll(JSONArray.java:1840)
at org.json.JSONArray.<init>(JSONArray.java:208)
at org.json.JSONObject.wrap(JSONObject.java:2684)
at org.json.JSONObject.populateMap(JSONObject.java:1735)
at org.json.JSONObject.populateMap(JSONObject.java:1701)
at org.json.JSONObject.<init>(JSONObject.java:355)
at org.json.JSONObject.wrap(JSONObject.java:2701)
at org.json.JSONObject.wrap(JSONObject.java:2660)
at org.json.JSONArray.addAll(JSONArray.java:1840)
at org.json.JSONArray.<init>(JSONArray.java:208)
at org.json.JSONObject.wrap(JSONObject.java:2684)
at org.json.JSONObject.populateMap(JSONObject.java:1735)
at org.json.JSONObject.populateMap(JSONObject.java:1701)
at org.json.JSONObject.<init>(JSONObject.java:355)
at org.json.JSONObject.wrap(JSONObject.java:2701)
at org.json.JSONObject.wrap(JSONObject.java:2660)
at org.json.JSONArray.addAll(JSONArray.java:1840)
at org.json.JSONArray.<init>(JSONArray.java:208)
at org.json.JSONObject.wrap(JSONObject.java:2684)
at org.json.JSONObject.populateMap(JSONObject.java:1735)
at org.json.JSONObject.populateMap(JSONObject.java:1701)
at org.json.JSONObject.<init>(JSONObject.java:355)
at org.json.JSONObject.wrap(JSONObject.java:2701)
at org.json.JSONObject.wrap(JSONObject.java:2660)
at org.json.JSONArray.addAll(JSONArray.java:1840)
at org.json.JSONArray.<init>(JSONArray.java:208)
at org.json.JSONObject.wrap(JSONObject.java:2684)
at org.json.JSONObject.populateMap(JSONObject.java:1735)
at org.json.JSONObject.populateMap(JSONObject.java:1701)
at org.json.JSONObject.<init>(JSONObject.java:355)
at org.json.JSONObject.wrap(JSONObject.java:2701)
at org.json.JSONObject.wrap(JSONObject.java:2660)
at org.json.JSONArray.addAll(JSONArray.java:1840)
at org.json.JSONArray.<init>(JSONArray.java:208)
at org.json.JSONObject.wrap(JSONObject.java:2684)
at org.json.JSONObject.populateMap(JSONObject.java:1735)
at org.json.JSONObject.populateMap(JSONObject.java:1701)
at org.json.JSONObject.<init>(JSONObject.java:355)
at org.json.JSONObject.wrap(JSONObject.java:2701)
at org.json.JSONObject.wrap(JSONObject.java:2660)
at org.json.JSONArray.addAll(JSONArray.java:1840)
at org.json.JSONArray.<init>(JSONArray.java:208)
at org.json.JSONObject.wrap(JSONObject.java:2684)
at org.json.JSONObject.populateMap(JSONObject.java:1735)
at org.json.JSONObject.populateMap(JSONObject.java:1701)
at org.json.JSONObject.<init>(JSONObject.java:355)
at org.json.JSONObject.wrap(JSONObject.java:2701)
at org.json.JSONObject.wrap(JSONObject.java:2660)
at org.json.JSONArray.addAll(JSONArray.java:1840)
at org.json.JSONArray.<init>(JSONArray.java:208)
at org.json.JSONObject.wrap(JSONObject.java:2684)
at org.json.JSONObject.populateMap(JSONObject.java:1735)
at org.json.JSONObject.populateMap(JSONObject.java:1701)
at org.json.JSONObject.<init>(JSONObject.java:355)
at org.json.JSONObject.wrap(JSONObject.java:2701)
at org.json.JSONObject.wrap(JSONObject.java:2660)
at org.json.JSONArray.addAll(JSONArray.java:1840)
at org.json.JSONArray.<init>(JSONArray.java:208)
at org.json.JSONObject.wrap(JSONObject.java:2684)
at org.json.JSONObject.populateMap(JSONObject.java:1735)
at org.json.JSONObject.populateMap(JSONObject.java:1701)
at org.json.JSONObject.<init>(JSONObject.java:355)
at org.json.JSONObject.wrap(JSONObject.java:2701)
at org.json.JSONObject.wrap(JSONObject.java:2660)
at org.json.JSONArray.addAll(JSONArray.java:1840)
at org.json.JSONArray.<init>(JSONArray.java:208)
at org.json.JSONObject.wrap(JSONObject.java:2684)
at org.json.JSONObject.populateMap(JSONObject.java:1735)
at org.json.JSONObject.populateMap(JSONObject.java:1701)
at org.json.JSONObject.<init>(JSONObject.java:355)
at org.json.JSONObject.wrap(JSONObject.java:2701)
at org.json.JSONObject.wrap(JSONObject.java:2660)
at org.json.JSONArray.addAll(JSONArray.java:1840)
at org.json.JSONArray.<init>(JSONArray.java:208)
at org.json.JSONObject.wrap(JSONObject.java:2684)
at org.json.JSONObject.populateMap(JSONObject.java:1735)
at org.json.JSONObject.populateMap(JSONObject.java:1701)
at org.json.JSONObject.<init>(JSONObject.java:355)
at org.json.JSONObject.wrap(JSONObject.java:2701)
at org.json.JSONObject.wrap(JSONObject.java:2660)
at org.json.JSONArray.addAll(JSONArray.java:1840)
at org.json.JSONArray.<init>(JSONArray.java:208)
at org.json.JSONObject.wrap(JSONObject.java:2684)
at org.json.JSONObject.populateMap(JSONObject.java:1735)
at org.json.JSONObject.populateMap(JSONObject.java:1701)
at org.json.JSONObject.<init>(JSONObject.java:355)
at org.json.JSONObject.wrap(JSONObject.java:2701)
at org.json.JSONObject.wrap(JSONObject.java:2660)
at org.json.JSONArray.addAll(JSONArray.java:1840)
at org.json.JSONArray.<init>(JSONArray.java:208)
at org.json.JSONObject.wrap(JSONObject.java:2684)
at org.json.JSONObject.populateMap(JSONObject.java:1735)
at org.json.JSONObject.populateMap(JSONObject.java:1701)
at org.json.JSONObject.<init>(JSONObject.java:355)
at org.json.JSONObject.wrap(JSONObject.java:2701)
at org.json.JSONObject.wrap(JSONObject.java:2660)
at org.json.JSONArray.addAll(JSONArray.java:1840)
at org.json.JSONArray.<init>(JSONArray.java:208)
at org.json.JSONObject.wrap(JSONObject.java:2684)
at org.json.JSONObject.populateMap(JSONObject.java:1735)
at org.json.JSONObject.populateMap(JSONObject.java:1701)
at org.json.JSONObject.<init>(JSONObject.java:355)
at org.json.JSONObject.wrap(JSONObject.java:2701)
at org.json.JSONObject.wrap(JSONObject.java:2660)
at org.json.JSONArray.addAll(JSONArray.java:1840)
at org.json.JSONArray.<init>(JSONArray.java:208)
at org.json.JSONObject.wrap(JSONObject.java:2684)
at org.json.JSONObject.populateMap(JSONObject.java:1735)
at org.json.JSONObject.populateMap(JSONObject.java:1701)
at org.json.JSONObject.<init>(JSONObject.java:355)
at org.json.JSONObject.wrap(JSONObject.java:2701)
at org.json.JSONObject.wrap(JSONObject.java:2660)
at org.json.JSONArray.addAll(JSONArray.java:1840)
at org.json.JSONArray.<init>(JSONArray.java:208)
at org.json.JSONObject.wrap(JSONObject.java:2684)
at org.json.JSONObject.populateMap(JSONObject.java:1735)
at org.json.JSONObject.populateMap(JSONObject.java:1701)
at org.json.JSONObject.<init>(JSONObject.java:355)
at org.json.JSONObject.wrap(JSONObject.java:2701)
at org.json.JSONObject.wrap(JSONObject.java:2660)
at org.json.JSONArray.addAll(JSONArray.java:1840)
at org.json.JSONArray.<init>(JSONArray.java:208)
at org.json.JSONObject.wrap(JSONObject.java:2684)
at org.json.JSONObject.populateMap(JSONObject.java:1735)
at org.json.JSONObject.populateMap(JSONObject.java:1701)
at org.json.JSONObject.<init>(JSONObject.java:355)
at org.json.JSONObject.wrap(JSONObject.java:2701)
at org.json.JSONObject.wrap(JSONObject.java:2660)
at org.json.JSONArray.addAll(JSONArray.java:1840)
at org.json.JSONArray.<init>(JSONArray.java:208)
at org.json.JSONObject.wrap(JSONObject.java:2684)
at org.json.JSONObject.populateMap(JSONObject.java:1735)
at org.json.JSONObject.populateMap(JSONObject.java:1701)
at org.json.JSONObject.<init>(JSONObject.java:355)
at org.json.JSONObject.wrap(JSONObject.java:2701)
at org.json.JSONObject.wrap(JSONObject.java:2660)
at org.json.JSONArray.addAll(JSONArray.java:1840)
at org.json.JSONArray.<init>(JSONArray.java:208)
at org.json.JSONObject.wrap(JSONObject.java:2684)
at org.json.JSONObject.populateMap(JSONObject.java:1735)
at org.json.JSONObject.populateMap(JSONObject.java:1701)
at org.json.JSONObject.<init>(JSONObject.java:355)
at org.json.JSONObject.wrap(JSONObject.java:2701)
at org.json.JSONObject.wrap(JSONObject.java:2660)
at org.json.JSONArray.addAll(JSONArray.java:1840)
at org.json.JSONArray.<init>(JSONArray.java:208)
at org.json.JSONObject.wrap(JSONObject.java:2684)
at org.json.JSONObject.populateMap(JSONObject.java:1735)
at org.json.JSONObject.populateMap(JSONObject.java:1701)
at org.json.JSONObject.<init>(JSONObject.java:355)
at org.json.JSONObject.wrap(JSONObject.java:2701)
at org.json.JSONObject.wrap(JSONObject.java:2660)
at org.json.JSONArray.addAll(JSONArray.java:1840)
at org.json.JSONArray.<init>(JSONArray.java:208)
at org.json.JSONObject.wrap(JSONObject.java:2684)
at org.json.JSONObject.populateMap(JSONObject.java:1735)
at org.json.JSONObject.populateMap(JSONObject.java:1701)
at org.json.JSONObject.<init>(JSONObject.java:355)
at org.json.JSONObject.wrap(JSONObject.java:2701)
at org.json.JSONObject.wrap(JSONObject.java:2660)
at org.json.JSONArray.addAll(JSONArray.java:1840)
at org.json.JSONArray.<init>(JSONArray.java:208)
at org.json.JSONObject.wrap(JSONObject.java:2684)
at org.json.JSONObject.populateMap(JSONObject.java:1735)
at org.json.JSONObject.populateMap(JSONObject.java:1701)
at org.json.JSONObject.<init>(JSONObject.java:355)
at org.json.JSONObject.wrap(JSONObject.java:2701)
at org.json.JSONObject.wrap(JSONObject.java:2660)
at org.json.JSONArray.addAll(JSONArray.java:1840)
at org.json.JSONArray.<init>(JSONArray.java:208)
at org.json.JSONObject.wrap(JSONObject.java:2684)
at org.json.JSONObject.populateMap(JSONObject.java:1735)
at org.json.JSONObject.populateMap(JSONObject.java:1701)
at org.json.JSONObject.<init>(JSONObject.java:355)
at org.json.JSONObject.wrap(JSONObject.java:2701)
at org.json.JSONObject.wrap(JSONObject.java:2660)
at org.json.JSONArray.addAll(JSONArray.java:1840)
at org.json.JSONArray.<init>(JSONArray.java:208)
at org.json.JSONObject.wrap(JSONObject.java:2684)
at org.json.JSONObject.populateMap(JSONObject.java:1735)
at org.json.JSONObject.populateMap(JSONObject.java:1701)
at org.json.JSONObject.<init>(JSONObject.java:355)
at org.json.JSONObject.wrap(JSONObject.java:2701)
at org.json.JSONObject.wrap(JSONObject.java:2660)
at org.json.JSONArray.addAll(JSONArray.java:1840)
at org.json.JSONArray.<init>(JSONArray.java:208)
at org.json.JSONObject.wrap(JSONObject.java:2684)
at org.json.JSONObject.populateMap(JSONObject.java:1735)
at org.json.JSONObject.populateMap(JSONObject.java:1701)
at org.json.JSONObject.<init>(JSONObject.java:355)
at org.json.JSONObject.wrap(JSONObject.java:2701)
at org.json.JSONObject.wrap(JSONObject.java:2660)
at org.json.JSONArray.addAll(JSONArray.java:1840)
at org.json.JSONArray.<init>(JSONArray.java:208)
at org.json.JSONObject.wrap(JSONObject.java:2684)
at org.json.JSONObject.populateMap(JSONObject.java:1735)
at org.json.JSONObject.populateMap(JSONObject.java:1701)
at org.json.JSONObject.<init>(JSONObject.java:355)
at org.json.JSONObject.wrap(JSONObject.java:2701)
at org.json.JSONObject.wrap(JSONObject.java:2660)
at org.json.JSONArray.addAll(JSONArray.java:1840)
at org.json.JSONArray.<init>(JSONArray.java:208)
at org.json.JSONObject.wrap(JSONObject.java:2684)
at org.json.JSONObject.populateMap(JSONObject.java:1735)
at org.json.JSONObject.populateMap(JSONObject.java:1701)
at org.json.JSONObject.<init>(JSONObject.java:355)
at org.json.JSONObject.wrap(JSONObject.java:2701)
at org.json.JSONObject.wrap(JSONObject.java:2660)
at org.json.JSONArray.addAll(JSONArray.java:1840)
at org.json.JSONArray.<init>(JSONArray.java:208)
at org.json.JSONObject.wrap(JSONObject.java:2684)
at org.json.JSONObject.populateMap(JSONObject.java:1735)
at org.json.JSONObject.populateMap(JSONObject.java:1701)
at org.json.JSONObject.<init>(JSONObject.java:355)
at org.json.JSONObject.wrap(JSONObject.java:2701)
at org.json.JSONObject.wrap(JSONObject.java:2660)
at org.json.JSONArray.addAll(JSONArray.java:1840)
at org.json.JSONArray.<init>(JSONArray.java:208)
at org.json.JSONObject.wrap(JSONObject.java:2684)
at org.json.JSONObject.populateMap(JSONObject.java:1735)
at org.json.JSONObject.populateMap(JSONObject.java:1701)
at org.json.JSONObject.<init>(JSONObject.java:355)
at org.json.JSONObject.wrap(JSONObject.java:2701)
at org.json.JSONObject.wrap(JSONObject.java:2660)
at org.json.JSONArray.addAll(JSONArray.java:1840)
at org.json.JSONArray.<init>(JSONArray.java:208)
at org.json.JSONObject.wrap(JSONObject.java:2684)
at org.json.JSONObject.populateMap(JSONObject.java:1735)
at org.json.JSONObject.populateMap(JSONObject.java:1701)
at org.json.JSONObject.<init>(JSONObject.java:355)
at org.json.JSONObject.wrap(JSONObject.java:2701)
at org.json.JSONObject.wrap(JSONObject.java:2660)
at org.json.JSONArray.addAll(JSONArray.java:1840)
at org.json.JSONArray.<init>(JSONArray.java:208)
at org.json.JSONObject.wrap(JSONObject.java:2684)
at org.json.JSONObject.populateMap(JSONObject.java:1735)
at org.json.JSONObject.populateMap(JSONObject.java:1701)
at org.json.JSONObject.<init>(JSONObject.java:355)
at org.json.JSONObject.wrap(JSONObject.java:2701)
at org.json.JSONObject.wrap(JSONObject.java:2660)
at org.json.JSONArray.addAll(JSONArray.java:1840)
at org.json.JSONArray.<init>(JSONArray.java:208)
at org.json.JSONObject.wrap(JSONObject.java:2684)
at org.json.JSONObject.populateMap(JSONObject.java:1735)
at org.json.JSONObject.populateMap(JSONObject.java:1701)
at org.json.JSONObject.<init>(JSONObject.java:355)
at org.json.JSONObject.wrap(JSONObject.java:2701)
at org.json.JSONObject.wrap(JSONObject.java:2660)
at org.json.JSONArray.addAll(JSONArray.java:1840)
at org.json.JSONArray.<init>(JSONArray.java:208)
at org.json.JSONObject.wrap(JSONObject.java:2684)
at org.json.JSONObject.populateMap(JSONObject.java:1735)
at org.json.JSONObject.populateMap(JSONObject.java:1701)
at org.json.JSONObject.<init>(JSONObject.java:355)
at org.json.JSONObject.wrap(JSONObject.java:2701)
at org.json.JSONObject.wrap(JSONObject.java:2660)
at org.json.JSONArray.addAll(JSONArray.java:1840)
at org.json.JSONArray.<init>(JSONArray.java:208)
at org.json.JSONObject.wrap(JSONObject.java:2684)
at org.json.JSONObject.populateMap(JSONObject.java:1735)
at org.json.JSONObject.populateMap(JSONObject.java:1701)
at org.json.JSONObject.<init>(JSONObject.java:355)
at org.json.JSONObject.wrap(JSONObject.java:2701)
at org.json.JSONObject.wrap(JSONObject.java:2660)
at org.json.JSONArray.addAll(JSONArray.java:1840)
at org.json.JSONArray.<init>(JSONArray.java:208)
at org.json.JSONObject.wrap(JSONObject.java:2684)
at org.json.JSONObject.populateMap(JSONObject.java:1735)
at org.json.JSONObject.populateMap(JSONObject.java:1701)
at org.json.JSONObject.<init>(JSONObject.java:355)
at org.json.JSONObject.wrap(JSONObject.java:2701)
at org.json.JSONObject.wrap(JSONObject.java:2660)
at org.json.JSONArray.addAll(JSONArray.java:1840)
at org.json.JSONArray.<init>(JSONArray.java:208)
at org.json.JSONObject.wrap(JSONObject.java:2684)
at org.json.JSONObject.populateMap(JSONObject.java:1735)
at org.json.JSONObject.populateMap(JSONObject.java:1701)
at org.json.JSONObject.<init>(JSONObject.java:355)
at org.json.JSONObject.wrap(JSONObject.java:2701)
at org.json.JSONObject.wrap(JSONObject.java:2660)
at org.json.JSONArray.addAll(JSONArray.java:1840)
at org.json.JSONArray.<init>(JSONArray.java:208)
at org.json.JSONObject.wrap(JSONObject.java:2684)
at org.json.JSONObject.populateMap(JSONObject.java:1735)
at org.json.JSONObject.populateMap(JSONObject.java:1701)
at org.json.JSONObject.<init>(JSONObject.java:355)
at org.json.JSONObject.wrap(JSONObject.java:2701)
at org.json.JSONObject.wrap(JSONObject.java:2660)
at org.json.JSONArray.addAll(JSONArray.java:1840)
at org.json.JSONArray.<init>(JSONArray.java:208)
at org.json.JSONObject.wrap(JSONObject.java:2684)
at org.json.JSONObject.populateMap(JSONObject.java:1735)
at org.json.JSONObject.populateMap(JSONObject.java:1701)
at org.json.JSONObject.<init>(JSONObject.java:355)
at org.json.JSONObject.wrap(JSONObject.java:2701)
at org.json.JSONObject.wrap(JSONObject.java:2660)
at org.json.JSONArray.addAll(JSONArray.java:1840)
at org.json.JSONArray.<init>(JSONArray.java:208)
at org.json.JSONObject.wrap(JSONObject.java:2684)
at org.json.JSONObject.populateMap(JSONObject.java:1735)
at org.json.JSONObject.populateMap(JSONObject.java:1701)
at org.json.JSONObject.<init>(JSONObject.java:355)
at org.json.JSONObject.wrap(JSONObject.java:2701)
at org.json.JSONObject.wrap(JSONObject.java:2660)
at org.json.JSONArray.addAll(JSONArray.java:1840)
at org.json.JSONArray.<init>(JSONArray.java:208)
at org.json.JSONObject.wrap(JSONObject.java:2684)
at org.json.JSONObject.populateMap(JSONObject.java:1735)
at org.json.JSONObject.populateMap(JSONObject.java:1701)
at org.json.JSONObject.<init>(JSONObject.java:355)
at org.json.JSONObject.wrap(JSONObject.java:2701)
at org.json.JSONObject.wrap(JSONObject.java:2660)
at org.json.JSONArray.addAll(JSONArray.java:1840)
at org.json.JSONArray.<init>(JSONArray.java:208)
at org.json.JSONObject.wrap(JSONObject.java:2684)
at org.json.JSONObject.populateMap(JSONObject.java:1735)
at org.json.JSONObject.populateMap(JSONObject.java:1701)
at org.json.JSONObject.<init>(JSONObject.java:355)
at org.json.JSONObject.wrap(JSONObject.java:2701)
at org.json.JSONObject.wrap(JSONObject.java:2660)
at org.json.JSONArray.addAll(JSONArray.java:1840)
at org.json.JSONArray.<init>(JSONArray.java:208)
at org.json.JSONObject.wrap(JSONObject.java:2684)
at org.json.JSONObject.populateMap(JSONObject.java:1735)
at org.json.JSONObject.populateMap(JSONObject.java:1701)
at org.json.JSONObject.<init>(JSONObject.java:355)
at org.json.JSONObject.wrap(JSONObject.java:2701)
at org.json.JSONObject.wrap(JSONObject.java:2660)
at org.json.JSONArray.addAll(JSONArray.java:1840)
at org.json.JSONArray.<init>(JSONArray.java:208)
at org.json.JSONObject.wrap(JSONObject.java:2684)
at org.json.JSONObject.populateMap(JSONObject.java:1735)
at org.json.JSONObject.populateMap(JSONObject.java:1701)
at org.json.JSONObject.<init>(JSONObject.java:355)
at org.json.JSONObject.wrap(JSONObject.java:2701)
at org.json.JSONObject.wrap(JSONObject.java:2660)
at org.json.JSONArray.addAll(JSONArray.java:1840)
at org.json.JSONArray.<init>(JSONArray.java:208)
at org.json.JSONObject.wrap(JSONObject.java:2684)
at org.json.JSONObject.populateMap(JSONObject.java:1735)
at org.json.JSONObject.populateMap(JSONObject.java:1701)
at org.json.JSONObject.<init>(JSONObject.java:355)
at org.json.JSONObject.wrap(JSONObject.java:2701)
at org.json.JSONObject.wrap(JSONObject.java:2660)
at org.json.JSONArray.addAll(JSONArray.java:1840)
at org.json.JSONArray.<init>(JSONArray.java:208)
at org.json.JSONObject.wrap(JSONObject.java:2684)
at org.json.JSONObject.populateMap(JSONObject.java:1735)
at org.json.JSONObject.populateMap(JSONObject.java:1701)
at org.json.JSONObject.<init>(JSONObject.java:355)
at org.json.JSONObject.wrap(JSONObject.java:2701)
at org.json.JSONObject.wrap(JSONObject.java:2660)
at org.json.JSONArray.addAll(JSONArray.java:1840)
at org.json.JSONArray.<init>(JSONArray.java:208)
at org.json.JSONObject.wrap(JSONObject.java:2684)
at org.json.JSONObject.populateMap(JSONObject.java:1735)
at org.json.JSONObject.populateMap(JSONObject.java:1701)
at org.json.JSONObject.<init>(JSONObject.java:355)
at org.json.JSONObject.wrap(JSONObject.java:2701)
at org.json.JSONObject.wrap(JSONObject.java:2660)
at org.json.JSONArray.addAll(JSONArray.java:1840)
at org.json.JSONArray.<init>(JSONArray.java:208)
at org.json.JSONObject.wrap(JSONObject.java:2684)
at org.json.JSONObject.populateMap(JSONObject.java:1735)
at org.json.JSONObject.populateMap(JSONObject.java:1701)
at org.json.JSONObject.<init>(JSONObject.java:355)
at org.json.JSONObject.wrap(JSONObject.java:2701)
at org.json.JSONObject.wrap(JSONObject.java:2660)
at org.json.JSONArray.addAll(JSONArray.java:1840)
at org.json.JSONArray.<init>(JSONArray.java:208)
at org.json.JSONObject.wrap(JSONObject.java:2684)
at org.json.JSONObject.populateMap(JSONObject.java:1735)
at org.json.JSONObject.populateMap(JSONObject.java:1701)
at org.json.JSONObject.<init>(JSONObject.java:355)
at org.json.JSONObject.wrap(JSONObject.java:2701)
at org.json.JSONObject.wrap(JSONObject.java:2660)
at org.json.JSONArray.addAll(JSONArray.java:1840)
at org.json.JSONArray.<init>(JSONArray.java:208)
at org.json.JSONObject.wrap(JSONObject.java:2684)
at org.json.JSONObject.populateMap(JSONObject.java:1735)
at org.json.JSONObject.populateMap(JSONObject.java:1701)
at org.json.JSONObject.<init>(JSONObject.java:355)
at org.json.JSONObject.wrap(JSONObject.java:2701)
at org.json.JSONObject.wrap(JSONObject.java:2660)
at org.json.JSONArray.addAll(JSONArray.java:1840)
at org.json.JSONArray.<init>(JSONArray.java:208)
at org.json.JSONObject.wrap(JSONObject.java:2684)
at org.json.JSONObject.populateMap(JSONObject.java:1735)
at org.json.JSONObject.populateMap(JSONObject.java:1701)
at org.json.JSONObject.<init>(JSONObject.java:355)
at org.json.JSONObject.wrap(JSONObject.java:2701)
at org.json.JSONObject.wrap(JSONObject.java:2660)
at org.json.JSONArray.addAll(JSONArray.java:1840)
at org.json.JSONArray.<init>(JSONArray.java:208)
at org.json.JSONObject.wrap(JSONObject.java:2684)
at org.json.JSONObject.populateMap(JSONObject.java:1735)
at org.json.JSONObject.populateMap(JSONObject.java:1701)
at org.json.JSONObject.<init>(JSONObject.java:355)
at org.json.JSONObject.wrap(JSONObject.java:2701)
at org.json.JSONObject.wrap(JSONObject.java:2660)
at org.json.JSONArray.addAll(JSONArray.java:1840)
at org.json.JSONArray.<init>(JSONArray.java:208)
at org.json.JSONObject.wrap(JSONObject.java:2684)
at org.json.JSONObject.populateMap(JSONObject.java:1735)
at org.json.JSONObject.populateMap(JSONObject.java:1701)
at org.json.JSONObject.<init>(JSONObject.java:355)
at org.json.JSONObject.wrap(JSONObject.java:2701)
at org.json.JSONObject.wrap(JSONObject.java:2660)
at org.json.JSONArray.addAll(JSONArray.java:1840)
at org.json.JSONArray.<init>(JSONArray.java:208)
at org.json.JSONObject.wrap(JSONObject.java:2684)
at org.json.JSONObject.populateMap(JSONObject.java:1735)
at org.json.JSONObject.populateMap(JSONObject.java:1701)
at org.json.JSONObject.<init>(JSONObject.java:355)
at org.json.JSONObject.wrap(JSONObject.java:2701)
at org.json.JSONObject.wrap(JSONObject.java:2660)
at org.json.JSONArray.addAll(JSONArray.java:1840)
at org.json.JSONArray.<init>(JSONArray.java:208)
at org.json.JSONObject.wrap(JSONObject.java:2684)
at org.json.JSONObject.populateMap(JSONObject.java:1735)
at org.json.JSONObject.populateMap(JSONObject.java:1701)
at org.json.JSONObject.<init>(JSONObject.java:355)
at org.json.JSONObject.wrap(JSONObject.java:2701)
at org.json.JSONObject.wrap(JSONObject.java:2660)
at org.json.JSONArray.addAll(JSONArray.java:1840)
at org.json.JSONArray.<init>(JSONArray.java:208)
at org.json.JSONObject.wrap(JSONObject.java:2684)
at org.json.JSONObject.populateMap(JSONObject.java:1735)
at org.json.JSONObject.populateMap(JSONObject.java:1701)
at org.json.JSONObject.<init>(JSONObject.java:355)
at org.json.JSONObject.wrap(JSONObject.java:2701)
at org.json.JSONObject.wrap(JSONObject.java:2660)
at org.json.JSONArray.addAll(JSONArray.java:1840)
at org.json.JSONArray.<init>(JSONArray.java:208)
at org.json.JSONObject.wrap(JSONObject.java:2684)
at org.json.JSONObject.populateMap(JSONObject.java:1735)
at org.json.JSONObject.populateMap(JSONObject.java:1701)
at org.json.JSONObject.<init>(JSONObject.java:355)
at org.json.JSONObject.wrap(JSONObject.java:2701)
at org.json.JSONObject.wrap(JSONObject.java:2660)
at org.json.JSONArray.addAll(JSONArray.java:1840)
at org.json.JSONArray.<init>(JSONArray.java:208)
at org.json.JSONObject.wrap(JSONObject.java:2684)
at org.json.JSONObject.populateMap(JSONObject.java:1735)
at org.json.JSONObject.populateMap(JSONObject.java:1701)
at org.json.JSONObject.<init>(JSONObject.java:355)
at org.json.JSONObject.wrap(JSONObject.java:2701)
at org.json.JSONObject.wrap(JSONObject.java:2660)
at org.json.JSONArray.addAll(JSONArray.java:1840)
at org.json.JSONArray.<init>(JSONArray.java:208)
at org.json.JSONObject.wrap(JSONObject.java:2684)
at org.json.JSONObject.populateMap(JSONObject.java:1735)
at org.json.JSONObject.populateMap(JSONObject.java:1701)
at org.json.JSONObject.<init>(JSONObject.java:355)
at org.json.JSONObject.wrap(JSONObject.java:2701)
at org.json.JSONObject.wrap(JSONObject.java:2660)
at org.json.JSONArray.addAll(JSONArray.java:1840)
at org.json.JSONArray.<init>(JSONArray.java:208)
at org.json.JSONObject.wrap(JSONObject.java:2684)
at org.json.JSONObject.populateMap(JSONObject.java:1735)
at org.json.JSONObject.populateMap(JSONObject.java:1701)
at org.json.JSONObject.<init>(JSONObject.java:355)
at org.json.JSONObject.wrap(JSONObject.java:2701)
at org.json.JSONObject.wrap(JSONObject.java:2660)
at org.json.JSONArray.addAll(JSONArray.java:1840)
at org.json.JSONArray.<init>(JSONArray.java:208)
at org.json.JSONObject.wrap(JSONObject.java:2684)
at org.json.JSONObject.populateMap(JSONObject.java:1735)
at org.json.JSONObject.populateMap(JSONObject.java:1701)
at org.json.JSONObject.<init>(JSONObject.java:355)
at org.json.JSONObject.wrap(JSONObject.java:2701)
at org.json.JSONObject.wrap(JSONObject.java:2660)
at org.json.JSONArray.addAll(JSONArray.java:1840)
at org.json.JSONArray.<init>(JSONArray.java:208)
at org.json.JSONObject.wrap(JSONObject.java:2684)
at org.json.JSONObject.populateMap(JSONObject.java:1735)
at org.json.JSONObject.populateMap(JSONObject.java:1701)
at org.json.JSONObject.<init>(JSONObject.java:355)
at org.json.JSONObject.wrap(JSONObject.java:2701)
at org.json.JSONObject.wrap(JSONObject.java:2660)
at org.json.JSONArray.addAll(JSONArray.java:1840)
at org.json.JSONArray.<init>(JSONArray.java:208)
at org.json.JSONObject.wrap(JSONObject.java:2684)
at org.json.JSONObject.populateMap(JSONObject.java:1735)
at org.json.JSONObject.populateMap(JSONObject.java:1701)
at org.json.JSONObject.<init>(JSONObject.java:355)
at org.json.JSONObject.wrap(JSONObject.java:2701)
at org.json.JSONObject.wrap(JSONObject.java:2660)
at org.json.JSONArray.addAll(JSONArray.java:1840)
at org.json.JSONArray.<init>(JSONArray.java:208)
at org.json.JSONObject.wrap(JSONObject.java:2684)
at org.json.JSONObject.populateMap(JSONObject.java:1735)
at org.json.JSONObject.populateMap(JSONObject.java:1701)
at org.json.JSONObject.<init>(JSONObject.java:355)
at org.json.JSONObject.wrap(JSONObject.java:2701)
at org.json.JSONObject.wrap(JSONObject.java:2660)
at org.json.JSONArray.addAll(JSONArray.java:1840)
at org.json.JSONArray.<init>(JSONArray.java:208)
at org.json.JSONObject.wrap(JSONObject.java:2684)
at org.json.JSONObject.populateMap(JSONObject.java:1735)
at org.json.JSONObject.populateMap(JSONObject.java:1701)
at org.json.JSONObject.<init>(JSONObject.java:355)
at org.json.JSONObject.wrap(JSONObject.java:2701)
at org.json.JSONObject.wrap(JSONObject.java:2660)
at org.json.JSONArray.addAll(JSONArray.java:1840)
at org.json.JSONArray.<init>(JSONArray.java:208)
at org.json.JSONObject.wrap(JSONObject.java:2684)
at org.json.JSONObject.populateMap(JSONObject.java:1735)
at org.json.JSONObject.populateMap(JSONObject.java:1701)
at org.json.JSONObject.<init>(JSONObject.java:355)
at org.json.JSONObject.wrap(JSONObject.java:2701)
at org.json.JSONObject.wrap(JSONObject.java:2660)
at org.json.JSONArray.addAll(JSONArray.java:1840)
at org.json.JSONArray.<init>(JSONArray.java:208)
at org.json.JSONObject.wrap(JSONObject.java:2684)
at org.json.JSONObject.populateMap(JSONObject.java:1735)
at org.json.JSONObject.populateMap(JSONObject.java:1701)
at org.json.JSONObject.<init>(JSONObject.java:355)
at org.json.JSONObject.wrap(JSONObject.java:2701)
at org.json.JSONObject.wrap(JSONObject.java:2660)
at org.json.JSONArray.addAll(JSONArray.java:1840)
at org.json.JSONArray.<init>(JSONArray.java:208)
at org.json.JSONObject.wrap(JSONObject.java:2684)
at org.json.JSONObject.populateMap(JSONObject.java:1735)
at org.json.JSONObject.populateMap(JSONObject.java:1701)
at org.json.JSONObject.<init>(JSONObject.java:355)
at org.json.JSONObject.wrap(JSONObject.java:2701)
at org.json.JSONObject.wrap(JSONObject.java:2660)
at org.json.JSONArray.addAll(JSONArray.java:1840)
at org.json.JSONArray.<init>(JSONArray.java:208)
at org.json.JSONObject.wrap(JSONObject.java:2684)
at org.json.JSONObject.populateMap(JSONObject.java:1735)
at org.json.JSONObject.populateMap(JSONObject.java:1701)
at org.json.JSONObject.<init>(JSONObject.java:355)
at org.json.JSONObject.wrap(JSONObject.java:2701)
at org.json.JSONObject.wrap(JSONObject.java:2660)
at org.json.JSONArray.addAll(JSONArray.java:1840)
at org.json.JSONArray.<init>(JSONArray.java:208)
at org.json.JSONObject.wrap(JSONObject.java:2684)
at org.json.JSONObject.populateMap(JSONObject.java:1735)
at org.json.JSONObject.populateMap(JSONObject.java:1701)
at org.json.JSONObject.<init>(JSONObject.java:355)
at org.json.JSONObject.wrap(JSONObject.java:2701)
at org.json.JSONObject.wrap(JSONObject.java:2660)
at org.json.JSONArray.addAll(JSONArray.java:1840)
at org.json.JSONArray.<init>(JSONArray.java:208)
at org.json.JSONObject.wrap(JSONObject.java:2684)
at org.json.JSONObject.populateMap(JSONObject.java:1735)
at org.json.JSONObject.populateMap(JSONObject.java:1701)
at org.json.JSONObject.<init>(JSONObject.java:355)
at org.json.JSONObject.wrap(JSONObject.java:2701)
at org.json.JSONObject.wrap(JSONObject.java:2660)
at org.json.JSONArray.addAll(JSONArray.java:1840)
at org.json.JSONArray.<init>(JSONArray.java:208)
at org.json.JSONObject.wrap(JSONObject.java:2684)
at org.json.JSONObject.populateMap(JSONObject.java:1735)
at org.json.JSONObject.populateMap(JSONObject.java:1701)
at org.json.JSONObject.<init>(JSONObject.java:355)
at org.json.JSONObject.wrap(JSONObject.java:2701)
at org.json.JSONObject.wrap(JSONObject.java:2660)
at org.json.JSONArray.addAll(JSONArray.java:1840)
at org.json.JSONArray.<init>(JSONArray.java:208)
at org.json.JSONObject.wrap(JSONObject.java:2684)
at org.json.JSONObject.populateMap(JSONObject.java:1735)
at org.json.JSONObject.populateMap(JSONObject.java:1701)
at org.json.JSONObject.<init>(JSONObject.java:355)
at org.json.JSONObject.wrap(JSONObject.java:2701)
at org.json.JSONObject.wrap(JSONObject.java:2660)
at org.json.JSONArray.addAll(JSONArray.java:1840)
at org.json.JSONArray.<init>(JSONArray.java:208)
at org.json.JSONObject.wrap(JSONObject.java:2684)
at org.json.JSONObject.populateMap(JSONObject.java:1735)
at org.json.JSONObject.populateMap(JSONObject.java:1701)
at org.json.JSONObject.<init>(JSONObject.java:355)
at org.json.JSONObject.wrap(JSONObject.java:2701)
at org.json.JSONObject.wrap(JSONObject.java:2660)
at org.json.JSONArray.addAll(JSONArray.java:1840)
at org.json.JSONArray.<init>(JSONArray.java:208)
at org.json.JSONObject.wrap(JSONObject.java:2684)
at org.json.JSONObject.populateMap(JSONObject.java:1735)
at org.json.JSONObject.populateMap(JSONObject.java:1701)
at org.json.JSONObject.<init>(JSONObject.java:355)
at org.json.JSONObject.wrap(JSONObject.java:2701)
at org.json.JSONObject.wrap(JSONObject.java:2660)
at org.json.JSONArray.addAll(JSONArray.java:1840)
at org.json.JSONArray.<init>(JSONArray.java:208)
at org.json.JSONObject.wrap(JSONObject.java:2684)
at org.json.JSONObject.populateMap(JSONObject.java:1735)
at org.json.JSONObject.populateMap(JSONObject.java:1701)
at org.json.JSONObject.<init>(JSONObject.java:355)
at org.json.JSONObject.wrap(JSONObject.java:2701)
at org.json.JSONObject.wrap(JSONObject.java:2660)
at org.json.JSONArray.addAll(JSONArray.java:1840)
at org.json.JSONArray.<init>(JSONArray.java:208)
at org.json.JSONObject.wrap(JSONObject.java:2684)
at org.json.JSONObject.populateMap(JSONObject.java:1735)
at org.json.JSONObject.populateMap(JSONObject.java:1701)
at org.json.JSONObject.<init>(JSONObject.java:355)
at org.json.JSONObject.wrap(JSONObject.java:2701)
at org.json.JSONObject.wrap(JSONObject.java:2660)
at org.json.JSONArray.addAll(JSONArray.java:1840)
at org.json.JSONArray.<init>(JSONArray.java:208)
at org.json.JSONObject.wrap(JSONObject.java:2684)
at org.json.JSONObject.populateMap(JSONObject.java:1735)
at org.json.JSONObject.populateMap(JSONObject.java:1701)
at org.json.JSONObject.<init>(JSONObject.java:355)
at org.json.JSONObject.wrap(JSONObject.java:2701)
at org.json.JSONObject.wrap(JSONObject.java:2660)
at org.json.JSONArray.addAll(JSONArray.java:1840)
at org.json.JSONArray.<init>(JSONArray.java:208)
at org.json.JSONObject.wrap(JSONObject.java:2684)
at org.json.JSONObject.populateMap(JSONObject.java:1735)
at org.json.JSONObject.populateMap(JSONObject.java:1701)
at org.json.JSONObject.<init>(JSONObject.java:355)
at org.json.JSONObject.wrap(JSONObject.java:2701)
at org.json.JSONObject.wrap(JSONObject.java:2660)
at org.json.JSONArray.addAll(JSONArray.java:1840)
at org.json.JSONArray.<init>(JSONArray.java:208)
at org.json.JSONObject.wrap(JSONObject.java:2684)
at org.json.JSONObject.populateMap(JSONObject.java:1735)
at org.json.JSONObject.populateMap(JSONObject.java:1701)
at org.json.JSONObject.<init>(JSONObject.java:355)
at org.json.JSONObject.wrap(JSONObject.java:2701)
at org.json.JSONObject.wrap(JSONObject.java:2660)
at org.json.JSONArray.addAll(JSONArray.java:1840)
at org.json.JSONArray.<init>(JSONArray.java:208)
at org.json.JSONObject.wrap(JSONObject.java:2684)
at org.json.JSONObject.populateMap(JSONObject.java:1735)
at org.json.JSONObject.populateMap(JSONObject.java:1701)
at org.json.JSONObject.<init>(JSONObject.java:355)
at org.json.JSONObject.wrap(JSONObject.java:2701)
at org.json.JSONObject.wrap(JSONObject.java:2660)
at org.json.JSONArray.addAll(JSONArray.java:1840)
at org.json.JSONArray.<init>(JSONArray.java:208)
at org.json.JSONObject.wrap(JSONObject.java:2684)
at org.json.JSONObject.populateMap(JSONObject.java:1735)
at org.json.JSONObject.populateMap(JSONObject.java:1701)
at org.json.JSONObject.<init>(JSONObject.java:355)
at org.json.JSONObject.wrap(JSONObject.java:2701)
at org.json.JSONObject.wrap(JSONObject.java:2660)
at org.json.JSONArray.addAll(JSONArray.java:1840)
at org.json.JSONArray.<init>(JSONArray.java:208)
at org.json.JSONObject.wrap(JSONObject.java:2684)
at org.json.JSONObject.populateMap(JSONObject.java:1735)
at org.json.JSONObject.populateMap(JSONObject.java:1701)
at org.json.JSONObject.<init>(JSONObject.java:355)
at org.json.JSONObject.wrap(JSONObject.java:2701)
at org.json.JSONObject.wrap(JSONObject.java:2660)
at org.json.JSONArray.addAll(JSONArray.java:1840)
at org.json.JSONArray.<init>(JSONArray.java:208)
at org.json.JSONObject.wrap(JSONObject.java:2684)
at org.json.JSONObject.populateMap(JSONObject.java:1735)
at org.json.JSONObject.populateMap(JSONObject.java:1701)
at org.json.JSONObject.<init>(JSONObject.java:355)
at org.json.JSONObject.wrap(JSONObject.java:2701)
at org.json.JSONObject.wrap(JSONObject.java:2660)
at org.json.JSONArray.addAll(JSONArray.java:1840)
at org.json.JSONArray.<init>(JSONArray.java:208)
at org.json.JSONObject.wrap(JSONObject.java:2684)
at org.json.JSONObject.populateMap(JSONObject.java:1735)
at org.json.JSONObject.populateMap(JSONObject.java:1701)
at org.json.JSONObject.<init>(JSONObject.java:355)
at org.json.JSONObject.wrap(JSONObject.java:2701)
at org.json.JSONObject.wrap(JSONObject.java:2660)
at org.json.JSONArray.addAll(JSONArray.java:1840)
at org.json.JSONArray.<init>(JSONArray.java:208)
at org.json.JSONObject.wrap(JSONObject.java:2684)
at org.json.JSONObject.populateMap(JSONObject.java:1735)
at org.json.JSONObject.populateMap(JSONObject.java:1701)
at org.json.JSONObject.<init>(JSONObject.java:355)
at org.json.JSONObject.wrap(JSONObject.java:2701)
at org.json.JSONObject.wrap(JSONObject.java:2660)
at org.json.JSONArray.addAll(JSONArray.java:1840)
at org.json.JSONArray.<init>(JSONArray.java:208)
at org.json.JSONObject.wrap(JSONObject.java:2684)
at org.json.JSONObject.populateMap(JSONObject.java:1735)
at org.json.JSONObject.populateMap(JSONObject.java:1701)
at org.json.JSONObject.<init>(JSONObject.java:355)
at org.json.JSONObject.wrap(JSONObject.java:2701)
at org.json.JSONObject.wrap(JSONObject.java:2660)
at org.json.JSONArray.addAll(JSONArray.java:1840)
at org.json.JSONArray.<init>(JSONArray.java:208)
at org.json.JSONObject.wrap(JSONObject.java:2684)
at org.json.JSONObject.populateMap(JSONObject.java:1735)
at org.json.JSONObject.populateMap(JSONObject.java:1701)
at org.json.JSONObject.<init>(JSONObject.java:355)
at org.json.JSONObject.wrap(JSONObject.java:2701)
at org.json.JSONObject.wrap(JSONObject.java:2660)
at org.json.JSONArray.addAll(JSONArray.java:1840)
at org.json.JSONArray.<init>(JSONArray.java:208)
at org.json.JSONObject.wrap(JSONObject.java:2684)
at org.json.JSONObject.populateMap(JSONObject.java:1735)
at org.json.JSONObject.populateMap(JSONObject.java:1701)
at org.json.JSONObject.<init>(JSONObject.java:355)
at org.json.JSONObject.wrap(JSONObject.java:2701)
at org.json.JSONObject.wrap(JSONObject.java:2660)
at org.json.JSONArray.addAll(JSONArray.java:1840)
at org.json.JSONArray.<init>(JSONArray.java:208)
at org.json.JSONObject.wrap(JSONObject.java:2684)
at org.json.JSONObject.populateMap(JSONObject.java:1735)
at org.json.JSONObject.populateMap(JSONObject.java:1701)
at org.json.JSONObject.<init>(JSONObject.java:355)
at org.json.JSONObject.wrap(JSONObject.java:2701)
at org.json.JSONObject.wrap(JSONObject.java:2660)
at org.json.JSONArray.addAll(JSONArray.java:1840)
at org.json.JSONArray.<init>(JSONArray.java:208)
at org.json.JSONObject.wrap(JSONObject.java:2684)
at org.json.JSONObject.populateMap(JSONObject.java:1735)
at org.json.JSONObject.populateMap(JSONObject.java:1701)
at org.json.JSONObject.<init>(JSONObject.java:355)
at org.json.JSONObject.wrap(JSONObject.java:2701)
at org.json.JSONObject.wrap(JSONObject.java:2660)
at org.json.JSONArray.addAll(JSONArray.java:1840)
at org.json.JSONArray.<init>(JSONArray.java:208)
at org.json.JSONObject.wrap(JSONObject.java:2684)
at org.json.JSONObject.populateMap(JSONObject.java:1735)
at org.json.JSONObject.populateMap(JSONObject.java:1701)
at org.json.JSONObject.<init>(JSONObject.java:355)
at org.json.JSONObject.wrap(JSONObject.java:2701)
at org.json.JSONObject.wrap(JSONObject.java:2660)
at org.json.JSONArray.addAll(JSONArray.java:1840)
at org.json.JSONArray.<init>(JSONArray.java:208)
at org.json.JSONObject.wrap(JSONObject.java:2684)
at org.json.JSONObject.populateMap(JSONObject.java:1735)
at org.json.JSONObject.populateMap(JSONObject.java:1701)
at org.json.JSONObject.<init>(JSONObject.java:355)
at org.json.JSONObject.wrap(JSONObject.java:2701)
at org.json.JSONObject.wrap(JSONObject.java:2660)
at org.json.JSONArray.addAll(JSONArray.java:1840)
at org.json.JSONArray.<init>(JSONArray.java:208)
at org.json.JSONObject.wrap(JSONObject.java:2684)
at org.json.JSONObject.populateMap(JSONObject.java:1735)
at org.json.JSONObject.populateMap(JSONObject.java:1701)
at org.json.JSONObject.<init>(JSONObject.java:355)
at org.json.JSONObject.wrap(JSONObject.java:2701)
at org.json.JSONObject.wrap(JSONObject.java:2660)
at org.json.JSONArray.addAll(JSONArray.java:1840)
at org.json.JSONArray.<init>(JSONArray.java:208)
at org.json.JSONObject.wrap(JSONObject.java:2684)
at org.json.JSONObject.populateMap(JSONObject.java:1735)
at org.json.JSONObject.populateMap(JSONObject.java:1701)
at org.json.JSONObject.<init>(JSONObject.java:355)
at org.json.JSONObject.wrap(JSONObject.java:2701)
at org.json.JSONObject.wrap(JSONObject.java:2660)
at org.json.JSONArray.addAll(JSONArray.java:1840)
at org.json.JSONArray.<init>(JSONArray.java:208)
at org.json.JSONObject.wrap(JSONObject.java:2684)
at org.json.JSONObject.populateMap(JSONObject.java:1735)
at org.json.JSONObject.populateMap(JSONObject.java:1701)
at org.json.JSONObject.<init>(JSONObject.java:355)
at org.json.JSONObject.wrap(JSONObject.java:2701)
at org.json.JSONObject.wrap(JSONObject.java:2660)
at org.json.JSONArray.addAll(JSONArray.java:1840)
at org.json.JSONArray.<init>(JSONArray.java:208)
at org.json.JSONObject.wrap(JSONObject.java:2684)
at org.json.JSONObject.populateMap(JSONObject.java:1735)
at org.json.JSONObject.populateMap(JSONObject.java:1701)
at org.json.JSONObject.<init>(JSONObject.java:355)
at org.json.JSONObject.wrap(JSONObject.java:2701)
at org.json.JSONObject.wrap(JSONObject.java:2660)
at org.json.JSONArray.addAll(JSONArray.java:1840)
at org.json.JSONArray.<init>(JSONArray.java:208)
at org.json.JSONObject.wrap(JSONObject.java:2684)
at org.json.JSONObject.populateMap(JSONObject.java:1735)
at org.json.JSONObject.populateMap(JSONObject.java:1701)
at org.json.JSONObject.<init>(JSONObject.java:355)
at org.json.JSONObject.wrap(JSONObject.java:2701)
at org.json.JSONObject.wrap(JSONObject.java:2660)
at org.json.JSONArray.addAll(JSONArray.java:1840)
at org.json.JSONArray.<init>(JSONArray.java:208)
at org.json.JSONObject.wrap(JSONObject.java:2684)
at org.json.JSONObject.populateMap(JSONObject.java:1735)
at org.json.JSONObject.populateMap(JSONObject.java:1701)
at org.json.JSONObject.<init>(JSONObject.java:355)
at org.json.JSONObject.wrap(JSONObject.java:2701)
at org.json.JSONObject.wrap(JSONObject.java:2660)
at org.json.JSONArray.addAll(JSONArray.java:1840)
at org.json.JSONArray.<init>(JSONArray.java:208)
at org.json.JSONObject.wrap(JSONObject.java:2684)
at org.json.JSONObject.populateMap(JSONObject.java:1735)
at org.json.JSONObject.populateMap(JSONObject.java:1701)
at org.json.JSONObject.<init>(JSONObject.java:355)
at org.json.JSONObject.wrap(JSONObject.java:2701)
at org.json.JSONObject.wrap(JSONObject.java:2660)
at org.json.JSONArray.addAll(JSONArray.java:1840)
at org.json.JSONArray.<init>(JSONArray.java:208)
at org.json.JSONObject.wrap(JSONObject.java:2684)
at org.json.JSONObject.populateMap(JSONObject.java:1735)
at org.json.JSONObject.populateMap(JSONObject.java:1701)
at org.json.JSONObject.<init>(JSONObject.java:355)
at org.json.JSONObject.wrap(JSONObject.java:2701)
at org.json.JSONObject.wrap(JSONObject.java:2660)
at org.json.JSONArray.addAll(JSONArray.java:1840)
at org.json.JSONArray.<init>(JSONArray.java:208)
at org.json.JSONObject.wrap(JSONObject.java:2684)
at org.json.JSONObject.populateMap(JSONObject.java:1735)
at org.json.JSONObject.populateMap(JSONObject.java:1701)
at org.json.JSONObject.<init>(JSONObject.java:355)
at org.json.JSONObject.wrap(JSONObject.java:2701)
at org.json.JSONObject.wrap(JSONObject.java:2660)
at org.json.JSONArray.addAll(JSONArray.java:1840)
at org.json.JSONArray.<init>(JSONArray.java:208)
at org.json.JSONObject.wrap(JSONObject.java:2684)
at org.json.JSONObject.populateMap(JSONObject.java:1735)
at org.json.JSONObject.populateMap(JSONObject.java:1701)
at org.json.JSONObject.<init>(JSONObject.java:355)
at org.json.JSONObject.wrap(JSONObject.java:2701)
at org.json.JSONObject.wrap(JSONObject.java:2660)
at org.json.JSONArray.addAll(JSONArray.java:1840)
at org.json.JSONArray.<init>(JSONArray.java:208)
at org.json.JSONObject.wrap(JSONObject.java:2684)
at org.json.JSONObject.populateMap(JSONObject.java:1735)
at org.json.JSONObject.populateMap(JSONObject.java:1701)
at org.json.JSONObject.<init>(JSONObject.java:355)
at org.json.JSONObject.wrap(JSONObject.java:2701)
at org.json.JSONObject.wrap(JSONObject.java:2660)
at org.json.JSONArray.addAll(JSONArray.java:1840)
at org.json.JSONArray.<init>(JSONArray.java:208)
at org.json.JSONObject.wrap(JSONObject.java:2684)
at org.json.JSONObject.populateMap(JSONObject.java:1735)
at org.json.JSONObject.populateMap(JSONObject.java:1701)
at org.json.JSONObject.<init>(JSONObject.java:355)
at org.json.JSONObject.wrap(JSONObject.java:2701)
at org.json.JSONObject.wrap(JSONObject.java:2660)
at org.json.JSONArray.addAll(JSONArray.java:1840)
at org.json.JSONArray.<init>(JSONArray.java:208)
at org.json.JSONObject.wrap(JSONObject.java:2684)
at org.json.JSONObject.populateMap(JSONObject.java:1735)
at org.json.JSONObject.populateMap(JSONObject.java:1701)
at org.json.JSONObject.<init>(JSONObject.java:355)
at org.json.JSONObject.wrap(JSONObject.java:2701)
at org.json.JSONObject.wrap(JSONObject.java:2660)
at org.json.JSONArray.addAll(JSONArray.java:1840)
at org.json.JSONArray.<init>(JSONArray.java:208)
at org.json.JSONObject.wrap(JSONObject.java:2684)
at org.json.JSONObject.populateMap(JSONObject.java:1735)
at org.json.JSONObject.populateMap(JSONObject.java:1701)
at org.json.JSONObject.<init>(JSONObject.java:355)
at org.json.JSONObject.wrap(JSONObject.java:2701)
at org.json.JSONObject.wrap(JSONObject.java:2660)
at org.json.JSONArray.addAll(JSONArray.java:1840)
at org.json.JSONArray.<init>(JSONArray.java:208)
at org.json.JSONObject.wrap(JSONObject.java:2684)
at org.json.JSONObject.populateMap(JSONObject.java:1735)
at org.json.JSONObject.populateMap(JSONObject.java:1701)
at org.json.JSONObject.<init>(JSONObject.java:355)
]]>
    </error>
  </testcase> <!-- testParsing -->
  <system-out/>
</testsuite> <!-- restassuredprograms.ParsingResponse -->
