<?xml version="1.0" encoding="UTF-8"?>
<!-- Generated by org.testng.reporters.JUnitReportReporter -->
<testsuite hostname="LTIN464257" failures="0" tests="1" name="assertions.Assertion_TestNG" time="1.456" errors="0" timestamp="2024-03-20T20:38:39 IST" skipped="0">
  <testcase classname="assertions.Assertion_TestNG" name="testAssert" time="1.456"/>
  <system-out/>
</testsuite> <!-- assertions.Assertion_TestNG -->
