<?xml version="1.0" encoding="UTF-8"?>
<!-- Generated by org.testng.reporters.JUnitReportReporter -->
<testsuite hostname="LTIN464257" failures="0" tests="1" name="paypalPractices.Paypal_Payments" time="8.592" errors="0" timestamp="2024-04-29T19:42:40 IST" skipped="0">
  <testcase classname="paypalPractices.Paypal_Payments" name="createAPaymentUsingJsonFile" time="8.592"/>
  <system-out/>
</testsuite> <!-- paypalPractices.Paypal_Payments -->
