<?xml version="1.0" encoding="UTF-8"?>
<!-- Generated by org.testng.reporters.JUnitReportReporter -->
<testsuite hostname="LTIN464257" failures="0" tests="1" name="requestSpecBuilder.Request_Spec" time="1.979" errors="0" timestamp="2024-03-19T18:27:17 IST" skipped="0">
  <testcase classname="requestSpecBuilder.Request_Spec" name="testRequestSpec" time="1.979"/>
  <system-out/>
</testsuite> <!-- requestSpecBuilder.Request_Spec -->
