<?xml version="1.0" encoding="UTF-8"?>
<!-- Generated by org.testng.reporters.JUnitReportReporter -->
<testsuite hostname="LTIN464257" failures="0" tests="1" name="authentication.BasicAuthentication" time="2.702" errors="0" timestamp="2024-03-28T09:01:21 IST" skipped="0">
  <testcase classname="authentication.BasicAuthentication" name="formLogin" time="2.702"/>
  <system-out/>
</testsuite> <!-- authentication.BasicAuthentication -->
