<?xml version="1.0" encoding="UTF-8"?>
<!-- Generated by org.testng.reporters.JUnitReportReporter -->
<testsuite hostname="LTIN464257" failures="0" tests="1" name="studentsApp.CreateNewStudentUsingStringPayload" time="5.047" errors="0" timestamp="2024-03-20T08:23:13 IST" skipped="0">
  <testcase classname="studentsApp.CreateNewStudentUsingStringPayload" name="createNewStudent" time="5.047"/>
  <system-out/>
</testsuite> <!-- studentsApp.CreateNewStudentUsingStringPayload -->
