<?xml version="1.0" encoding="UTF-8"?>
<!-- Generated by org.testng.reporters.JUnitReportReporter -->
<testsuite hostname="LTIN464257" failures="0" tests="1" name="paypalPractices.PayapalWiremock" time="4.628" errors="0" timestamp="2024-07-03T20:46:00 IST" skipped="0">
  <testcase classname="paypalPractices.PayapalWiremock" name="testRecorder" time="4.628"/>
  <system-out/>
</testsuite> <!-- paypalPractices.PayapalWiremock -->
